[2.853s] Invoking command in '/home/ika/ros2_ws/src/lidar_node': PYTHONPATH=/home/ika/ros2_ws/build/lidar_node/prefix_override:/usr/lib/python3/dist-packages/colcon_core/task/python/colcon_distutils_commands:/home/ika/ros2_ws/install/lidar_node/lib/python3.10/site-packages:${PYTHONPATH} /usr/bin/python3 -W ignore:setup.py install is deprecated -W ignore:easy_install command is deprecated setup.py egg_info --egg-base ../../build/lidar_node build --build-base /home/ika/ros2_ws/build/lidar_node/build install --record /home/ika/ros2_ws/build/lidar_node/install.log --single-version-externally-managed
[3.587s] running egg_info
[3.591s] writing ../../build/lidar_node/lidar_node.egg-info/PKG-INFO
[3.593s] writing dependency_links to ../../build/lidar_node/lidar_node.egg-info/dependency_links.txt
[3.594s] writing entry points to ../../build/lidar_node/lidar_node.egg-info/entry_points.txt
[3.594s] writing requirements to ../../build/lidar_node/lidar_node.egg-info/requires.txt
[3.595s] writing top-level names to ../../build/lidar_node/lidar_node.egg-info/top_level.txt
[3.600s] reading manifest file '../../build/lidar_node/lidar_node.egg-info/SOURCES.txt'
[3.603s] writing manifest file '../../build/lidar_node/lidar_node.egg-info/SOURCES.txt'
[3.603s] running build
[3.603s] running build_py
[3.605s] running install
[3.606s] running install_lib
[3.610s] running install_egg_info
[3.615s] removing '/home/ika/ros2_ws/install/lidar_node/lib/python3.10/site-packages/lidar_node-0.0.0-py3.10.egg-info' (and everything under it)
[3.616s] Copying ../../build/lidar_node/lidar_node.egg-info to /home/ika/ros2_ws/install/lidar_node/lib/python3.10/site-packages/lidar_node-0.0.0-py3.10.egg-info
[3.619s] running install_scripts
[3.686s] Installing lidar_reader_node script to /home/ika/ros2_ws/install/lidar_node/lib/lidar_node
[3.687s] Installing map_builder_node script to /home/ika/ros2_ws/install/lidar_node/lib/lidar_node
[3.688s] writing list of installed files to '/home/ika/ros2_ws/build/lidar_node/install.log'
[3.751s] Invoked command in '/home/ika/ros2_ws/src/lidar_node' returned '0': PYTHONPATH=/home/ika/ros2_ws/build/lidar_node/prefix_override:/usr/lib/python3/dist-packages/colcon_core/task/python/colcon_distutils_commands:/home/ika/ros2_ws/install/lidar_node/lib/python3.10/site-packages:${PYTHONPATH} /usr/bin/python3 -W ignore:setup.py install is deprecated -W ignore:easy_install command is deprecated setup.py egg_info --egg-base ../../build/lidar_node build --build-base /home/ika/ros2_ws/build/lidar_node/build install --record /home/ika/ros2_ws/build/lidar_node/install.log --single-version-externally-managed
