/home/ika/ros2_ws/install/lidar_node/lib/python3.10/site-packages/lidar_node/lidar_reader.py
/home/ika/ros2_ws/install/lidar_node/lib/python3.10/site-packages/lidar_node/map_builder_node.py
/home/ika/ros2_ws/install/lidar_node/lib/python3.10/site-packages/lidar_node/lidar_reader_node.py
/home/ika/ros2_ws/install/lidar_node/lib/python3.10/site-packages/lidar_node/map_tracker.py
/home/ika/ros2_ws/install/lidar_node/lib/python3.10/site-packages/lidar_node/__init__.py
/home/ika/ros2_ws/install/lidar_node/lib/python3.10/site-packages/lidar_node/astar_planner.py
/home/ika/ros2_ws/install/lidar_node/lib/python3.10/site-packages/lidar_node/__pycache__/lidar_reader.cpython-310.pyc
/home/ika/ros2_ws/install/lidar_node/lib/python3.10/site-packages/lidar_node/__pycache__/map_builder_node.cpython-310.pyc
/home/ika/ros2_ws/install/lidar_node/lib/python3.10/site-packages/lidar_node/__pycache__/lidar_reader_node.cpython-310.pyc
/home/ika/ros2_ws/install/lidar_node/lib/python3.10/site-packages/lidar_node/__pycache__/map_tracker.cpython-310.pyc
/home/ika/ros2_ws/install/lidar_node/lib/python3.10/site-packages/lidar_node/__pycache__/__init__.cpython-310.pyc
/home/ika/ros2_ws/install/lidar_node/lib/python3.10/site-packages/lidar_node/__pycache__/astar_planner.cpython-310.pyc
/home/ika/ros2_ws/install/lidar_node/lib/python3.10/site-packages/lidar_node-0.0.0-py3.10.egg-info/SOURCES.txt
/home/ika/ros2_ws/install/lidar_node/lib/python3.10/site-packages/lidar_node-0.0.0-py3.10.egg-info/dependency_links.txt
/home/ika/ros2_ws/install/lidar_node/lib/python3.10/site-packages/lidar_node-0.0.0-py3.10.egg-info/top_level.txt
/home/ika/ros2_ws/install/lidar_node/lib/python3.10/site-packages/lidar_node-0.0.0-py3.10.egg-info/requires.txt
/home/ika/ros2_ws/install/lidar_node/lib/python3.10/site-packages/lidar_node-0.0.0-py3.10.egg-info/entry_points.txt
/home/ika/ros2_ws/install/lidar_node/lib/python3.10/site-packages/lidar_node-0.0.0-py3.10.egg-info/PKG-INFO
/home/ika/ros2_ws/install/lidar_node/lib/python3.10/site-packages/lidar_node-0.0.0-py3.10.egg-info/zip-safe
/home/ika/ros2_ws/install/lidar_node/lib/lidar_node/lidar_reader_node
/home/ika/ros2_ws/install/lidar_node/lib/lidar_node/map_builder_node
