[2.620s] Invoking command in '/home/ika/ros2_ws/src/camera_node': PYTHONPATH=/home/ika/ros2_ws/build/camera_node/prefix_override:/usr/lib/python3/dist-packages/colcon_core/task/python/colcon_distutils_commands:/home/ika/ros2_ws/install/camera_node/lib/python3.10/site-packages:${PYTHONPATH} /usr/bin/python3 -W ignore:setup.py install is deprecated -W ignore:easy_install command is deprecated setup.py egg_info --egg-base ../../build/camera_node build --build-base /home/ika/ros2_ws/build/camera_node/build install --record /home/ika/ros2_ws/build/camera_node/install.log --single-version-externally-managed install_data
[3.385s] running egg_info
[3.387s] writing ../../build/camera_node/camera_node.egg-info/PKG-INFO
[3.388s] writing dependency_links to ../../build/camera_node/camera_node.egg-info/dependency_links.txt
[3.390s] writing entry points to ../../build/camera_node/camera_node.egg-info/entry_points.txt
[3.391s] writing requirements to ../../build/camera_node/camera_node.egg-info/requires.txt
[3.391s] writing top-level names to ../../build/camera_node/camera_node.egg-info/top_level.txt
[3.395s] reading manifest file '../../build/camera_node/camera_node.egg-info/SOURCES.txt'
[3.397s] writing manifest file '../../build/camera_node/camera_node.egg-info/SOURCES.txt'
[3.399s] running build
[3.399s] running build_py
[3.400s] copying camera_node/camera_node.py -> /home/ika/ros2_ws/build/camera_node/build/lib/camera_node
[3.400s] running install
[3.401s] running install_lib
[3.403s] copying /home/ika/ros2_ws/build/camera_node/build/lib/camera_node/camera_node.py -> /home/ika/ros2_ws/install/camera_node/lib/python3.10/site-packages/camera_node
[3.405s] byte-compiling /home/ika/ros2_ws/install/camera_node/lib/python3.10/site-packages/camera_node/camera_node.py to camera_node.cpython-310.pyc
[3.408s] running install_data
[3.408s] running install_egg_info
[3.415s] removing '/home/ika/ros2_ws/install/camera_node/lib/python3.10/site-packages/camera_node-0.0.0-py3.10.egg-info' (and everything under it)
[3.415s] Copying ../../build/camera_node/camera_node.egg-info to /home/ika/ros2_ws/install/camera_node/lib/python3.10/site-packages/camera_node-0.0.0-py3.10.egg-info
[3.418s] running install_scripts
[3.473s] Installing camera_node script to /home/ika/ros2_ws/install/camera_node/lib/camera_node
[3.475s] writing list of installed files to '/home/ika/ros2_ws/build/camera_node/install.log'
[3.541s] Invoked command in '/home/ika/ros2_ws/src/camera_node' returned '0': PYTHONPATH=/home/ika/ros2_ws/build/camera_node/prefix_override:/usr/lib/python3/dist-packages/colcon_core/task/python/colcon_distutils_commands:/home/ika/ros2_ws/install/camera_node/lib/python3.10/site-packages:${PYTHONPATH} /usr/bin/python3 -W ignore:setup.py install is deprecated -W ignore:easy_install command is deprecated setup.py egg_info --egg-base ../../build/camera_node build --build-base /home/ika/ros2_ws/build/camera_node/build install --record /home/ika/ros2_ws/build/camera_node/install.log --single-version-externally-managed install_data
